app/build/intermediates/manifest_merge_blame_file/release/manifest-merger-blame-release-report.txt
1<?xml version="1.0" encoding="utf-8"?>
2<manifest xmlns:android="http://schemas.android.com/apk/res/android"
3    package="com.example.mapdemo"
4    android:versionCode="1"
5    android:versionName="1.0" >
6
7    <uses-sdk
8        android:minSdkVersion="18"
8-->src/main/AndroidManifest.xml
9        android:targetSdkVersion="28" />
9-->src/main/AndroidManifest.xml
10
11    <permission
11-->src/main/AndroidManifest.xml:7:5-109
12        android:name="android.permission.ACCESS_FINE_LOCATION"
12-->src/main/AndroidManifest.xml:7:17-71
13        android:protectionLevel="dangerous" />
13-->src/main/AndroidManifest.xml:7:72-107
14    <permission
14-->src/main/AndroidManifest.xml:8:5-111
15        android:name="android.permission.ACCESS_COARSE_LOCATION"
15-->src/main/AndroidManifest.xml:8:17-73
16        android:protectionLevel="dangerous" />
16-->src/main/AndroidManifest.xml:8:74-109
17
18    <uses-permission android:name="android.permission.ACCESS_NETWORK_STATE" />
18-->src/main/AndroidManifest.xml:10:5-79
18-->src/main/AndroidManifest.xml:10:22-76
19    <uses-permission android:name="com.example.mapdemo.permission.MAPS_RECEIVE" />
19-->src/main/AndroidManifest.xml:11:5-83
19-->src/main/AndroidManifest.xml:11:22-80
20    <uses-permission android:name="android.permission.INTERNET" />
20-->src/main/AndroidManifest.xml:12:5-67
20-->src/main/AndroidManifest.xml:12:22-64
21    <uses-permission android:name="android.permission.ACCESS_FINE_LOCATION" />
21-->src/main/AndroidManifest.xml:13:5-78
21-->src/main/AndroidManifest.xml:13:22-76
22    <uses-permission android:name="android.permission.ACCESS_COARSE_LOCATION" />
22-->src/main/AndroidManifest.xml:14:5-80
22-->src/main/AndroidManifest.xml:14:22-78
23
24    <uses-feature
24-->src/main/AndroidManifest.xml:16:5-18:35
25        android:glEsVersion="0x00020000"
25-->src/main/AndroidManifest.xml:17:9-41
26        android:required="true" />
26-->src/main/AndroidManifest.xml:18:9-32
27
28    <application
28-->src/main/AndroidManifest.xml:20:5-48:19
29        android:allowBackup="true"
29-->src/main/AndroidManifest.xml:21:9-35
30        android:appComponentFactory="androidx.core.app.CoreComponentFactory"
30-->[androidx.core:core:1.1.0] AndroidManifest.xml:24:18-86
31        android:icon="@drawable/ic_launcher"
31-->src/main/AndroidManifest.xml:22:9-45
32        android:label="@string/app_name"
32-->src/main/AndroidManifest.xml:23:9-41
33        android:theme="@style/AppTheme" >
33-->src/main/AndroidManifest.xml:24:9-40
34
35        <!-- https://stackoverflow.com/a/50779232/961939 -->
36        <uses-library
36-->src/main/AndroidManifest.xml:27:9-88
37            android:name="org.apache.http.legacy"
37-->src/main/AndroidManifest.xml:27:23-60
38            android:required="false" />
38-->src/main/AndroidManifest.xml:27:61-85
39
40        <activity
40-->src/main/AndroidManifest.xml:29:9-37:20
41            android:name="com.example.mapdemo.MapDemoActivity"
41-->src/main/AndroidManifest.xml:30:13-63
42            android:label="@string/app_name" >
42-->src/main/AndroidManifest.xml:31:13-45
43            <intent-filter>
43-->src/main/AndroidManifest.xml:32:13-36:29
44                <action android:name="android.intent.action.MAIN" />
44-->src/main/AndroidManifest.xml:33:17-69
44-->src/main/AndroidManifest.xml:33:25-66
45
46                <category android:name="android.intent.category.LAUNCHER" />
46-->src/main/AndroidManifest.xml:35:17-77
46-->src/main/AndroidManifest.xml:35:27-74
47            </intent-filter>
48        </activity>
49
50        <uses-library
50-->src/main/AndroidManifest.xml:39:9-88
51            android:name="com.google.android.maps"
51-->src/main/AndroidManifest.xml:39:47-85
52            android:required="true" />
52-->src/main/AndroidManifest.xml:39:23-46
53
54        <meta-data
54-->src/main/AndroidManifest.xml:41:9-43:59
55            android:name="com.google.android.maps.v2.API_KEY"
55-->src/main/AndroidManifest.xml:42:13-62
56            android:value="@string/google_maps_api_key" />
56-->src/main/AndroidManifest.xml:43:13-56
57        <meta-data
57-->src/main/AndroidManifest.xml:45:9-47:69
58            android:name="com.google.android.gms.version"
58-->src/main/AndroidManifest.xml:46:13-58
59            android:value="@integer/google_play_services_version" />
59-->src/main/AndroidManifest.xml:47:13-66
60
61        <activity
61-->[com.google.android.gms:play-services-base:17.0.0] AndroidManifest.xml:23:9-26:75
62            android:name="com.google.android.gms.common.api.GoogleApiActivity"
62-->[com.google.android.gms:play-services-base:17.0.0] AndroidManifest.xml:24:13-79
63            android:exported="false"
63-->[com.google.android.gms:play-services-base:17.0.0] AndroidManifest.xml:25:13-37
64            android:theme="@android:style/Theme.Translucent.NoTitleBar" />
64-->[com.google.android.gms:play-services-base:17.0.0] AndroidManifest.xml:26:13-72
65    </application>
66
67</manifest>